


Request ID: 4dc8bcc2-e39e-4fc9-9cf7-2d67dab20c3a
Timestamp : 2025-07-14T23:31:12.415577
Input     : host_is_superhost=True, room_type=Entire home/apt, accommodates=4, bathrooms=3.0, bedrooms=4, beds=6, price=230, minimum_nights=12, maximum_nights=1000, number_of_reviews=36, instant_bookable=False, review_scores_rating=90.0, neighbourhood_cleansed=Downtown
Prediction: $154.41 CAD


Request ID: 6efcfa44-6727-4df3-90da-b56cad0a4ce4
Timestamp : 2025-07-14T23:33:08.282317
Input     : host_is_superhost=True, room_type=Entire home/apt, accommodates=4, bathrooms=3.0, bedrooms=4, beds=6, minimum_nights=12, maximum_nights=1000, number_of_reviews=36, instant_bookable=False, review_scores_rating=90.0, neighbourhood_cleansed=Downtown
Prediction: $154.41 CAD


Request ID: b9606d62-7815-47a8-9bd6-0919efa98c1b
Timestamp : 2025-07-21T21:48:20.040373
Input     : host_is_superhost=True, room_type=Entire home/apt, accommodates=4, bathrooms=3.0, bedrooms=4, beds=6, minimum_nights=12, maximum_nights=1000, number_of_reviews=36, instant_bookable=False, review_scores_rating=90.0, neighbourhood_cleansed=Downtown
Prediction: $154.41 CAD


Request ID: 276e7edd-8a44-4b80-be1e-77e64ad5bed6
Timestamp : 2025-07-21T21:59:37.918591
Input     : host_is_superhost=True, room_type=Entire home/apt, accommodates=4, bathrooms=3.0, bedrooms=4, beds=6, minimum_nights=12, maximum_nights=1000, number_of_reviews=36, instant_bookable=False, review_scores_rating=90.0, neighbourhood_cleansed=Downtown
Prediction: $154.41 CAD


Request ID: f301920a-0a4d-4ba8-92f6-437aac8068ef
Timestamp : 2025-07-21T22:08:40.788406
Input     : host_is_superhost=True, room_type=Entire home/apt, accommodates=4, bathrooms=3.0, bedrooms=4, beds=6, minimum_nights=12, maximum_nights=1000, number_of_reviews=36, instant_bookable=False, review_scores_rating=90.0, neighbourhood_cleansed=Downtown
Prediction: $154.41 CAD


Request ID: 01c62cb1-49c4-481e-a8e3-71c4e4686d06
Timestamp : 2025-07-21T22:13:07.484702
Input     : host_is_superhost=True, room_type=Entire home/apt, accommodates=2, bathrooms=2.0, bedrooms=2, beds=2, minimum_nights=2, maximum_nights=365, number_of_reviews=18, instant_bookable=False, review_scores_rating=80.0, neighbourhood_cleansed=Downtown
Prediction: $154.41 CAD


Request ID: d09f4c30-cbb4-492f-83e6-bbb93168e705
Timestamp : 2025-07-21T23:13:31.967891
Input     : host_is_superhost=True, room_type=Entire home/apt, accommodates=2, bathrooms=2.0, bedrooms=2, beds=2, minimum_nights=2, maximum_nights=365, number_of_reviews=18, instant_bookable=False, review_scores_rating=80.0, neighbourhood_cleansed=Downtown
Prediction: $363.54 CAD


Request ID: 4b1ed8c2-16f9-4db8-a686-b7ce1c41e759
Timestamp : 2025-07-21T23:15:07.172200
Input     : host_is_superhost=True, room_type=Entire home/apt, accommodates=5, bathrooms=3.0, bedrooms=3, beds=4, minimum_nights=7, maximum_nights=365, number_of_reviews=180, instant_bookable=False, review_scores_rating=92.0, neighbourhood_cleansed=Downtown
Prediction: $631.20 CAD


Request ID: 7e376204-56b1-4d11-9044-36015d090bf7
Timestamp : 2025-07-21T23:17:26.392005
Input     : host_is_superhost=True, room_type=Entire home/apt, accommodates=4, bathrooms=2.0, bedrooms=2, beds=4, minimum_nights=7, maximum_nights=365, number_of_reviews=180, instant_bookable=False, review_scores_rating=60.0, neighbourhood_cleansed=Downtown
Prediction: $440.06 CAD


Request ID: 035c61cf-5079-492b-b822-9872cdfcaeac
Timestamp : 2025-07-21T23:19:12.916331
Input     : host_is_superhost=False, room_type=Private room, accommodates=1, bathrooms=1.0, bedrooms=1, beds=1, minimum_nights=2, maximum_nights=30, number_of_reviews=5, instant_bookable=True, review_scores_rating=80.0, neighbourhood_cleansed=Kitsilano
Prediction: $130.28 CAD


Request ID: 7adcde5e-fc7a-41f1-ba2f-2e92f7afd99c
Timestamp : 2025-07-21T23:19:33.492133
Input     : host_is_superhost=True, room_type=Entire home/apt, accommodates=4, bathrooms=3.0, bedrooms=4, beds=6, minimum_nights=12, maximum_nights=1000, number_of_reviews=36, instant_bookable=False, review_scores_rating=90.0, neighbourhood_cleansed=Downtown
Prediction: $451.70 CAD


Request ID: 1ef7617b-7200-47fd-8280-443c5284e91d
Timestamp : 2025-07-23T22:57:17.809615
Input     : host_is_superhost=True, room_type=Entire home/apt, accommodates=4, bathrooms=3.0, bedrooms=4, beds=6, minimum_nights=12, maximum_nights=1000, number_of_reviews=36, instant_bookable=False, review_scores_rating=90.0, neighbourhood_cleansed=Downtown
Prediction: $451.70 CAD


